Classic Timing Analyzer report for relogio_digital
Sat Nov 12 11:23:32 2022
Quartus II Version 9.1 Build 350 03/24/2010 Service Pack 2 SJ Web Edition


---------------------
; Table of Contents ;
---------------------
  1. Legal Notice
  2. Timing Analyzer Summary
  3. Timing Analyzer Settings
  4. Clock Settings Summary
  5. Parallel Compilation
  6. Clock Setup: 'CLOCK'
  7. tco
  8. Timing Analyzer Messages



----------------
; Legal Notice ;
----------------
Copyright (C) 1991-2010 Altera Corporation
Your use of Altera Corporation's design tools, logic functions 
and other software and tools, and its AMPP partner logic 
functions, and any output files from any of the foregoing 
(including device programming or simulation files), and any 
associated documentation or information are expressly subject 
to the terms and conditions of the Altera Program License 
Subscription Agreement, Altera MegaCore Function License 
Agreement, or other applicable license agreement, including, 
without limitation, that your use is for the sole purpose of 
programming logic devices manufactured by Altera and sold by 
Altera or its authorized distributors.  Please refer to the 
applicable agreement for further details.



+--------------------------------------------------------------------------------------------------------------------------------------------------------------------------------------------------------------------------+
; Timing Analyzer Summary                                                                                                                                                                                                  ;
+------------------------------+-------+---------------+----------------------------------+---------------------------------------------+-------------------------------------------+------------+----------+--------------+
; Type                         ; Slack ; Required Time ; Actual Time                      ; From                                        ; To                                        ; From Clock ; To Clock ; Failed Paths ;
+------------------------------+-------+---------------+----------------------------------+---------------------------------------------+-------------------------------------------+------------+----------+--------------+
; Worst-case tco               ; N/A   ; None          ; 4.500 ns                         ; cont_mod10:contador_segundos|JK_FF:FFS1|AUX ; SEG[1]                                    ; CLOCK      ; --       ; 0            ;
; Clock Setup: 'CLOCK'         ; N/A   ; None          ; 125.00 MHz ( period = 8.000 ns ) ; cont_mod6:contador_minutos|JK_FF:FFM1|AUX   ; cont_mod6:contador_minutos|JK_FF:FFM1|AUX ; CLOCK      ; CLOCK    ; 0            ;
; Total number of failed paths ;       ;               ;                                  ;                                             ;                                           ;            ;          ; 0            ;
+------------------------------+-------+---------------+----------------------------------+---------------------------------------------+-------------------------------------------+------------+----------+--------------+


+-----------------------------------------------------------------------------------------------------------------------------------------------------+
; Timing Analyzer Settings                                                                                                                            ;
+------------------------------------------------------------------------------------------------------+--------------------+------+----+-------------+
; Option                                                                                               ; Setting            ; From ; To ; Entity Name ;
+------------------------------------------------------------------------------------------------------+--------------------+------+----+-------------+
; Device Name                                                                                          ; EPM7128SLC84-7     ;      ;    ;             ;
; Timing Models                                                                                        ; Final              ;      ;    ;             ;
; Default hold multicycle                                                                              ; Same as Multicycle ;      ;    ;             ;
; Cut paths between unrelated clock domains                                                            ; On                 ;      ;    ;             ;
; Cut off read during write signal paths                                                               ; On                 ;      ;    ;             ;
; Cut off feedback from I/O pins                                                                       ; On                 ;      ;    ;             ;
; Report Combined Fast/Slow Timing                                                                     ; Off                ;      ;    ;             ;
; Ignore Clock Settings                                                                                ; Off                ;      ;    ;             ;
; Analyze latches as synchronous elements                                                              ; On                 ;      ;    ;             ;
; Enable Recovery/Removal analysis                                                                     ; Off                ;      ;    ;             ;
; Enable Clock Latency                                                                                 ; Off                ;      ;    ;             ;
; Use TimeQuest Timing Analyzer                                                                        ; Off                ;      ;    ;             ;
; Minimum Core Junction Temperature                                                                    ; 0                  ;      ;    ;             ;
; Maximum Core Junction Temperature                                                                    ; 85                 ;      ;    ;             ;
; Number of source nodes to report per destination node                                                ; 10                 ;      ;    ;             ;
; Number of destination nodes to report                                                                ; 10                 ;      ;    ;             ;
; Number of paths to report                                                                            ; 200                ;      ;    ;             ;
; Report Minimum Timing Checks                                                                         ; Off                ;      ;    ;             ;
; Use Fast Timing Models                                                                               ; Off                ;      ;    ;             ;
; Report IO Paths Separately                                                                           ; Off                ;      ;    ;             ;
; Perform Multicorner Analysis                                                                         ; Off                ;      ;    ;             ;
; Reports the worst-case path for each clock domain and analysis                                       ; Off                ;      ;    ;             ;
; Reports worst-case timing paths for each clock domain and analysis                                   ; On                 ;      ;    ;             ;
; Specifies the maximum number of worst-case timing paths to report for each clock domain and analysis ; 100                ;      ;    ;             ;
; Removes common clock path pessimism (CCPP) during slack computation                                  ; Off                ;      ;    ;             ;
; Output I/O Timing Endpoint                                                                           ; Near End           ;      ;    ;             ;
+------------------------------------------------------------------------------------------------------+--------------------+------+----+-------------+


+------------------------------------------------------------------------------------------------------------------------------------------------------------------------------------+
; Clock Settings Summary                                                                                                                                                             ;
+-----------------+--------------------+----------+------------------+---------------+--------------+----------+-----------------------+---------------------+--------+--------------+
; Clock Node Name ; Clock Setting Name ; Type     ; Fmax Requirement ; Early Latency ; Late Latency ; Based on ; Multiply Base Fmax by ; Divide Base Fmax by ; Offset ; Phase offset ;
+-----------------+--------------------+----------+------------------+---------------+--------------+----------+-----------------------+---------------------+--------+--------------+
; CLOCK           ;                    ; User Pin ; None             ; 0.000 ns      ; 0.000 ns     ; --       ; N/A                   ; N/A                 ; N/A    ;              ;
+-----------------+--------------------+----------+------------------+---------------+--------------+----------+-----------------------+---------------------+--------+--------------+


Parallel compilation was disabled, but you have multiple processors available. Enable parallel compilation to reduce compilation time.
+-------------------------------------+
; Parallel Compilation                ;
+----------------------------+--------+
; Processors                 ; Number ;
+----------------------------+--------+
; Number detected on machine ; 12     ;
; Maximum allowed            ; 1      ;
+----------------------------+--------+


+--------------------------------------------------------------------------------------------------------------------------------------------------------------------------------------------------------------------------------------------------+
; Clock Setup: 'CLOCK'                                                                                                                                                                                                                             ;
+-------+----------------------------------+---------------------------------------------+---------------------------------------------+------------+----------+-----------------------------+---------------------------+-------------------------+
; Slack ; Actual fmax (period)             ; From                                        ; To                                          ; From Clock ; To Clock ; Required Setup Relationship ; Required Longest P2P Time ; Actual Longest P2P Time ;
+-------+----------------------------------+---------------------------------------------+---------------------------------------------+------------+----------+-----------------------------+---------------------------+-------------------------+
; N/A   ; 125.00 MHz ( period = 8.000 ns ) ; cont_mod10:contador_segundos|JK_FF:FFS1|AUX ; cont_mod10:contador_segundos|JK_FF:FFS1|AUX ; CLOCK      ; CLOCK    ; None                        ; None                      ; 4.000 ns                ;
; N/A   ; 125.00 MHz ( period = 8.000 ns ) ; cont_mod10:contador_segundos|JK_FF:FFS0|AUX ; cont_mod10:contador_segundos|JK_FF:FFS1|AUX ; CLOCK      ; CLOCK    ; None                        ; None                      ; 4.000 ns                ;
; N/A   ; 125.00 MHz ( period = 8.000 ns ) ; cont_mod10:contador_segundos|JK_FF:FFS3|AUX ; cont_mod10:contador_segundos|JK_FF:FFS1|AUX ; CLOCK      ; CLOCK    ; None                        ; None                      ; 4.000 ns                ;
; N/A   ; 125.00 MHz ( period = 8.000 ns ) ; cont_mod10:contador_segundos|JK_FF:FFS1|AUX ; cont_mod10:contador_segundos|JK_FF:FFS0|AUX ; CLOCK      ; CLOCK    ; None                        ; None                      ; 4.000 ns                ;
; N/A   ; 125.00 MHz ( period = 8.000 ns ) ; cont_mod10:contador_segundos|JK_FF:FFS0|AUX ; cont_mod10:contador_segundos|JK_FF:FFS0|AUX ; CLOCK      ; CLOCK    ; None                        ; None                      ; 4.000 ns                ;
; N/A   ; 125.00 MHz ( period = 8.000 ns ) ; cont_mod10:contador_segundos|JK_FF:FFS3|AUX ; cont_mod10:contador_segundos|JK_FF:FFS0|AUX ; CLOCK      ; CLOCK    ; None                        ; None                      ; 4.000 ns                ;
; N/A   ; 125.00 MHz ( period = 8.000 ns ) ; cont_mod10:contador_segundos|JK_FF:FFS2|AUX ; cont_mod10:contador_segundos|JK_FF:FFS0|AUX ; CLOCK      ; CLOCK    ; None                        ; None                      ; 4.000 ns                ;
; N/A   ; 125.00 MHz ( period = 8.000 ns ) ; cont_mod10:contador_segundos|JK_FF:FFS1|AUX ; cont_mod10:contador_segundos|JK_FF:FFS3|AUX ; CLOCK      ; CLOCK    ; None                        ; None                      ; 4.000 ns                ;
; N/A   ; 125.00 MHz ( period = 8.000 ns ) ; cont_mod10:contador_segundos|JK_FF:FFS0|AUX ; cont_mod10:contador_segundos|JK_FF:FFS3|AUX ; CLOCK      ; CLOCK    ; None                        ; None                      ; 4.000 ns                ;
; N/A   ; 125.00 MHz ( period = 8.000 ns ) ; cont_mod10:contador_segundos|JK_FF:FFS3|AUX ; cont_mod10:contador_segundos|JK_FF:FFS3|AUX ; CLOCK      ; CLOCK    ; None                        ; None                      ; 4.000 ns                ;
; N/A   ; 125.00 MHz ( period = 8.000 ns ) ; cont_mod10:contador_segundos|JK_FF:FFS2|AUX ; cont_mod10:contador_segundos|JK_FF:FFS3|AUX ; CLOCK      ; CLOCK    ; None                        ; None                      ; 4.000 ns                ;
; N/A   ; 125.00 MHz ( period = 8.000 ns ) ; cont_mod10:contador_segundos|JK_FF:FFS1|AUX ; cont_mod10:contador_segundos|JK_FF:FFS2|AUX ; CLOCK      ; CLOCK    ; None                        ; None                      ; 4.000 ns                ;
; N/A   ; 125.00 MHz ( period = 8.000 ns ) ; cont_mod10:contador_segundos|JK_FF:FFS0|AUX ; cont_mod10:contador_segundos|JK_FF:FFS2|AUX ; CLOCK      ; CLOCK    ; None                        ; None                      ; 4.000 ns                ;
; N/A   ; 125.00 MHz ( period = 8.000 ns ) ; cont_mod10:contador_segundos|JK_FF:FFS3|AUX ; cont_mod10:contador_segundos|JK_FF:FFS2|AUX ; CLOCK      ; CLOCK    ; None                        ; None                      ; 4.000 ns                ;
; N/A   ; 125.00 MHz ( period = 8.000 ns ) ; cont_mod10:contador_segundos|JK_FF:FFS2|AUX ; cont_mod10:contador_segundos|JK_FF:FFS2|AUX ; CLOCK      ; CLOCK    ; None                        ; None                      ; 4.000 ns                ;
; N/A   ; 125.00 MHz ( period = 8.000 ns ) ; cont_mod6:contador_minutos|JK_FF:FFM2|AUX   ; cont_mod6:contador_minutos|JK_FF:FFM2|AUX   ; CLOCK      ; CLOCK    ; None                        ; None                      ; 4.000 ns                ;
; N/A   ; 125.00 MHz ( period = 8.000 ns ) ; cont_mod6:contador_minutos|JK_FF:FFM0|AUX   ; cont_mod6:contador_minutos|JK_FF:FFM2|AUX   ; CLOCK      ; CLOCK    ; None                        ; None                      ; 4.000 ns                ;
; N/A   ; 125.00 MHz ( period = 8.000 ns ) ; cont_mod6:contador_minutos|JK_FF:FFM1|AUX   ; cont_mod6:contador_minutos|JK_FF:FFM2|AUX   ; CLOCK      ; CLOCK    ; None                        ; None                      ; 4.000 ns                ;
; N/A   ; 125.00 MHz ( period = 8.000 ns ) ; cont_mod6:contador_minutos|JK_FF:FFM2|AUX   ; cont_mod6:contador_minutos|JK_FF:FFM0|AUX   ; CLOCK      ; CLOCK    ; None                        ; None                      ; 4.000 ns                ;
; N/A   ; 125.00 MHz ( period = 8.000 ns ) ; cont_mod6:contador_minutos|JK_FF:FFM0|AUX   ; cont_mod6:contador_minutos|JK_FF:FFM0|AUX   ; CLOCK      ; CLOCK    ; None                        ; None                      ; 4.000 ns                ;
; N/A   ; 125.00 MHz ( period = 8.000 ns ) ; cont_mod6:contador_minutos|JK_FF:FFM1|AUX   ; cont_mod6:contador_minutos|JK_FF:FFM0|AUX   ; CLOCK      ; CLOCK    ; None                        ; None                      ; 4.000 ns                ;
; N/A   ; 125.00 MHz ( period = 8.000 ns ) ; cont_mod6:contador_minutos|JK_FF:FFM2|AUX   ; cont_mod6:contador_minutos|JK_FF:FFM1|AUX   ; CLOCK      ; CLOCK    ; None                        ; None                      ; 4.000 ns                ;
; N/A   ; 125.00 MHz ( period = 8.000 ns ) ; cont_mod6:contador_minutos|JK_FF:FFM0|AUX   ; cont_mod6:contador_minutos|JK_FF:FFM1|AUX   ; CLOCK      ; CLOCK    ; None                        ; None                      ; 4.000 ns                ;
; N/A   ; 125.00 MHz ( period = 8.000 ns ) ; cont_mod6:contador_minutos|JK_FF:FFM1|AUX   ; cont_mod6:contador_minutos|JK_FF:FFM1|AUX   ; CLOCK      ; CLOCK    ; None                        ; None                      ; 4.000 ns                ;
+-------+----------------------------------+---------------------------------------------+---------------------------------------------+------------+----------+-----------------------------+---------------------------+-------------------------+


+-------------------------------------------------------------------------------------------------------+
; tco                                                                                                   ;
+-------+--------------+------------+---------------------------------------------+--------+------------+
; Slack ; Required tco ; Actual tco ; From                                        ; To     ; From Clock ;
+-------+--------------+------------+---------------------------------------------+--------+------------+
; N/A   ; None         ; 4.500 ns   ; cont_mod10:contador_segundos|JK_FF:FFS0|AUX ; SEG[0] ; CLOCK      ;
; N/A   ; None         ; 4.500 ns   ; cont_mod10:contador_segundos|JK_FF:FFS3|AUX ; SEG[3] ; CLOCK      ;
; N/A   ; None         ; 4.500 ns   ; cont_mod6:contador_minutos|JK_FF:FFM0|AUX   ; MIN[0] ; CLOCK      ;
; N/A   ; None         ; 4.500 ns   ; cont_mod10:contador_segundos|JK_FF:FFS2|AUX ; SEG[2] ; CLOCK      ;
; N/A   ; None         ; 4.500 ns   ; cont_mod6:contador_minutos|JK_FF:FFM1|AUX   ; MIN[1] ; CLOCK      ;
; N/A   ; None         ; 4.500 ns   ; cont_mod6:contador_minutos|JK_FF:FFM2|AUX   ; MIN[2] ; CLOCK      ;
; N/A   ; None         ; 4.500 ns   ; cont_mod10:contador_segundos|JK_FF:FFS1|AUX ; SEG[1] ; CLOCK      ;
+-------+--------------+------------+---------------------------------------------+--------+------------+


+--------------------------+
; Timing Analyzer Messages ;
+--------------------------+
Info: *******************************************************************
Info: Running Quartus II Classic Timing Analyzer
    Info: Version 9.1 Build 350 03/24/2010 Service Pack 2 SJ Web Edition
    Info: Processing started: Sat Nov 12 11:23:32 2022
Info: Command: quartus_tan --read_settings_files=off --write_settings_files=off relogio_digital -c relogio_digital
Info: Started post-fitting delay annotation
Info: Delay annotation completed successfully
Warning: Timing Analysis does not support the analysis of latches as synchronous elements for the currently selected device family
Warning: Found pins functioning as undefined clocks and/or memory enables
    Info: Assuming node "CLOCK" is an undefined clock
Info: Clock "CLOCK" has Internal fmax of 125.0 MHz between source register "cont_mod10:contador_segundos|JK_FF:FFS1|AUX" and destination register "cont_mod10:contador_segundos|JK_FF:FFS1|AUX" (period= 8.0 ns)
    Info: + Longest register to register delay is 4.000 ns
        Info: 1: + IC(0.000 ns) + CELL(0.000 ns) = 0.000 ns; Loc. = LC3; Fanout = 7; REG Node = 'cont_mod10:contador_segundos|JK_FF:FFS1|AUX'
        Info: 2: + IC(1.000 ns) + CELL(3.000 ns) = 4.000 ns; Loc. = LC3; Fanout = 7; REG Node = 'cont_mod10:contador_segundos|JK_FF:FFS1|AUX'
        Info: Total cell delay = 3.000 ns ( 75.00 % )
        Info: Total interconnect delay = 1.000 ns ( 25.00 % )
    Info: - Smallest clock skew is 0.000 ns
        Info: + Shortest clock path from clock "CLOCK" to destination register is 1.500 ns
            Info: 1: + IC(0.000 ns) + CELL(1.500 ns) = 1.500 ns; Loc. = PIN_83; Fanout = 7; CLK Node = 'CLOCK'
            Info: 2: + IC(0.000 ns) + CELL(0.000 ns) = 1.500 ns; Loc. = LC3; Fanout = 7; REG Node = 'cont_mod10:contador_segundos|JK_FF:FFS1|AUX'
            Info: Total cell delay = 1.500 ns ( 100.00 % )
        Info: - Longest clock path from clock "CLOCK" to source register is 1.500 ns
            Info: 1: + IC(0.000 ns) + CELL(1.500 ns) = 1.500 ns; Loc. = PIN_83; Fanout = 7; CLK Node = 'CLOCK'
            Info: 2: + IC(0.000 ns) + CELL(0.000 ns) = 1.500 ns; Loc. = LC3; Fanout = 7; REG Node = 'cont_mod10:contador_segundos|JK_FF:FFS1|AUX'
            Info: Total cell delay = 1.500 ns ( 100.00 % )
    Info: + Micro clock to output delay of source is 1.000 ns
    Info: + Micro setup delay of destination is 3.000 ns
Info: tco from clock "CLOCK" to destination pin "SEG[0]" through register "cont_mod10:contador_segundos|JK_FF:FFS0|AUX" is 4.500 ns
    Info: + Longest clock path from clock "CLOCK" to source register is 1.500 ns
        Info: 1: + IC(0.000 ns) + CELL(1.500 ns) = 1.500 ns; Loc. = PIN_83; Fanout = 7; CLK Node = 'CLOCK'
        Info: 2: + IC(0.000 ns) + CELL(0.000 ns) = 1.500 ns; Loc. = LC14; Fanout = 9; REG Node = 'cont_mod10:contador_segundos|JK_FF:FFS0|AUX'
        Info: Total cell delay = 1.500 ns ( 100.00 % )
    Info: + Micro clock to output delay of source is 1.000 ns
    Info: + Longest register to pin delay is 2.000 ns
        Info: 1: + IC(0.000 ns) + CELL(0.000 ns) = 0.000 ns; Loc. = LC14; Fanout = 9; REG Node = 'cont_mod10:contador_segundos|JK_FF:FFS0|AUX'
        Info: 2: + IC(0.000 ns) + CELL(2.000 ns) = 2.000 ns; Loc. = PIN_5; Fanout = 0; PIN Node = 'SEG[0]'
        Info: Total cell delay = 2.000 ns ( 100.00 % )
Info: Quartus II Classic Timing Analyzer was successful. 0 errors, 2 warnings
    Info: Peak virtual memory: 184 megabytes
    Info: Processing ended: Sat Nov 12 11:23:32 2022
    Info: Elapsed time: 00:00:00
    Info: Total CPU time (on all processors): 00:00:01


