Flow report for relogio_digital
Fri Nov 11 22:24:28 2022
Quartus II Version 9.1 Build 350 03/24/2010 Service Pack 2 SJ Web Edition


---------------------
; Table of Contents ;
---------------------
  1. Legal Notice
  2. Flow Summary
  3. Flow Settings
  4. Flow Non-Default Global Settings
  5. Flow Elapsed Time
  6. Flow OS Summary
  7. Flow Log



----------------
; Legal Notice ;
----------------
Copyright (C) 1991-2010 Altera Corporation
Your use of Altera Corporation's design tools, logic functions 
and other software and tools, and its AMPP partner logic 
functions, and any output files from any of the foregoing 
(including device programming or simulation files), and any 
associated documentation or information are expressly subject 
to the terms and conditions of the Altera Program License 
Subscription Agreement, Altera MegaCore Function License 
Agreement, or other applicable license agreement, including, 
without limitation, that your use is for the sole purpose of 
programming logic devices manufactured by Altera and sold by 
Altera or its authorized distributors.  Please refer to the 
applicable agreement for further details.



+------------------------------------------------------------------------+
; Flow Summary                                                           ;
+-------------------------+----------------------------------------------+
; Flow Status             ; Successful - Fri Nov 11 22:24:28 2022        ;
; Quartus II Version      ; 9.1 Build 350 03/24/2010 SP 2 SJ Web Edition ;
; Revision Name           ; relogio_digital                              ;
; Top-level Entity Name   ; relogio_digital                              ;
; Family                  ; MAX7000S                                     ;
; Device                  ; EPM7128SLC84-7                               ;
; Timing Models           ; Final                                        ;
; Met timing requirements ; Yes                                          ;
; Total macrocells        ; 12 / 128 ( 9 % )                             ;
; Total pins              ; 14 / 68 ( 21 % )                             ;
+-------------------------+----------------------------------------------+


+-----------------------------------------+
; Flow Settings                           ;
+-------------------+---------------------+
; Option            ; Setting             ;
+-------------------+---------------------+
; Start date & time ; 11/11/2022 22:24:23 ;
; Main task         ; Compilation         ;
; Revision Name     ; relogio_digital     ;
+-------------------+---------------------+


+--------------------------------------------------------------------------------------------------------------------------+
; Flow Non-Default Global Settings                                                                                         ;
+------------------------------------+--------------------------------+---------------+-------------+----------------------+
; Assignment Name                    ; Value                          ; Default Value ; Entity Name ; Section Id           ;
+------------------------------------+--------------------------------+---------------+-------------+----------------------+
; COMPILER_SIGNATURE_ID              ; 18121615942045.166821626305884 ; --            ; --          ; --                   ;
; EDA_DESIGN_ENTRY_SYNTHESIS_TOOL    ; LeonardoSpectrum               ; <None>        ; --          ; --                   ;
; EDA_INPUT_DATA_FORMAT              ; Edif                           ; --            ; --          ; eda_design_synthesis ;
; EDA_LMF_FILE                       ; mentor.lmf                     ; --            ; --          ; eda_design_synthesis ;
; EDA_OUTPUT_DATA_FORMAT             ; Vhdl                           ; --            ; --          ; eda_simulation       ;
; EDA_OUTPUT_DATA_FORMAT             ; Verilog Hdl                    ; --            ; --          ; eda_timing_analysis  ;
; EDA_SIMULATION_TOOL                ; ModelSim (VHDL)                ; <None>        ; --          ; --                   ;
; EDA_TIMING_ANALYSIS_TOOL           ; PrimeTime (Verilog)            ; <None>        ; --          ; --                   ;
; MAX_CORE_JUNCTION_TEMP             ; 85                             ; --            ; --          ; --                   ;
; MIN_CORE_JUNCTION_TEMP             ; 0                              ; --            ; --          ; --                   ;
; USE_GENERATED_PHYSICAL_CONSTRAINTS ; Off                            ; --            ; --          ; eda_blast_fpga       ;
+------------------------------------+--------------------------------+---------------+-------------+----------------------+


+-----------------------------------------------------------------------------------------------------------------------------+
; Flow Elapsed Time                                                                                                           ;
+-------------------------+--------------+-------------------------+---------------------+------------------------------------+
; Module Name             ; Elapsed Time ; Average Processors Used ; Peak Virtual Memory ; Total CPU Time (on all processors) ;
+-------------------------+--------------+-------------------------+---------------------+------------------------------------+
; Analysis & Synthesis    ; 00:00:02     ; 1.0                     ; 243 MB              ; 00:00:01                           ;
; Fitter                  ; 00:00:01     ; 1.0                     ; 199 MB              ; 00:00:00                           ;
; Assembler               ; 00:00:00     ; 1.0                     ; 196 MB              ; 00:00:00                           ;
; Classic Timing Analyzer ; 00:00:00     ; 1.0                     ; 166 MB              ; 00:00:00                           ;
; EDA Netlist Writer      ; 00:00:00     ; 1.0                     ; 177 MB              ; 00:00:00                           ;
; Total                   ; 00:00:03     ; --                      ; --                  ; 00:00:01                           ;
+-------------------------+--------------+-------------------------+---------------------+------------------------------------+


+------------------------------------------------------------------------------------------+
; Flow OS Summary                                                                          ;
+-------------------------+------------------+---------------+------------+----------------+
; Module Name             ; Machine Hostname ; OS Name       ; OS Version ; Processor type ;
+-------------------------+------------------+---------------+------------+----------------+
; Analysis & Synthesis    ; desktop          ; Windows Vista ; 6.2        ; x86_64         ;
; Fitter                  ; desktop          ; Windows Vista ; 6.2        ; x86_64         ;
; Assembler               ; desktop          ; Windows Vista ; 6.2        ; x86_64         ;
; Classic Timing Analyzer ; desktop          ; Windows Vista ; 6.2        ; x86_64         ;
; EDA Netlist Writer      ; desktop          ; Windows Vista ; 6.2        ; x86_64         ;
+-------------------------+------------------+---------------+------------+----------------+


------------
; Flow Log ;
------------
quartus_map --read_settings_files=on --write_settings_files=off relogio_digital -c relogio_digital
quartus_fit --read_settings_files=off --write_settings_files=off relogio_digital -c relogio_digital
quartus_asm --read_settings_files=off --write_settings_files=off relogio_digital -c relogio_digital
quartus_tan --read_settings_files=off --write_settings_files=off relogio_digital -c relogio_digital
quartus_eda --read_settings_files=off --write_settings_files=off relogio_digital -c relogio_digital



