Analysis & Synthesis report for relogio_digital
Sat Nov 12 14:40:38 2022
Quartus II Version 9.1 Build 350 03/24/2010 Service Pack 2 SJ Web Edition


---------------------
; Table of Contents ;
---------------------
  1. Legal Notice
  2. Analysis & Synthesis Summary
  3. Analysis & Synthesis Settings
  4. Parallel Compilation
  5. Analysis & Synthesis Source Files Read
  6. Analysis & Synthesis Resource Usage Summary
  7. Analysis & Synthesis Resource Utilization by Entity
  8. Port Connectivity Checks: "cont_mod6:contador_segundos1|JK_FF:FFM0"
  9. Port Connectivity Checks: "cont_mod10:contador_segundos0|JK_FF:FFS0"
 10. Analysis & Synthesis Messages



----------------
; Legal Notice ;
----------------
Copyright (C) 1991-2010 Altera Corporation
Your use of Altera Corporation's design tools, logic functions 
and other software and tools, and its AMPP partner logic 
functions, and any output files from any of the foregoing 
(including device programming or simulation files), and any 
associated documentation or information are expressly subject 
to the terms and conditions of the Altera Program License 
Subscription Agreement, Altera MegaCore Function License 
Agreement, or other applicable license agreement, including, 
without limitation, that your use is for the sole purpose of 
programming logic devices manufactured by Altera and sold by 
Altera or its authorized distributors.  Please refer to the 
applicable agreement for further details.



+----------------------------------------------------------------------------+
; Analysis & Synthesis Summary                                               ;
+-----------------------------+----------------------------------------------+
; Analysis & Synthesis Status ; Successful - Sat Nov 12 14:40:38 2022        ;
; Quartus II Version          ; 9.1 Build 350 03/24/2010 SP 2 SJ Web Edition ;
; Revision Name               ; relogio_digital                              ;
; Top-level Entity Name       ; relogio_digital                              ;
; Family                      ; MAX7000S                                     ;
; Total macrocells            ; 42                                           ;
; Total pins                  ; 30                                           ;
+-----------------------------+----------------------------------------------+


+----------------------------------------------------------------------------------------------------------------+
; Analysis & Synthesis Settings                                                                                  ;
+----------------------------------------------------------------------------+-----------------+-----------------+
; Option                                                                     ; Setting         ; Default Value   ;
+----------------------------------------------------------------------------+-----------------+-----------------+
; Device                                                                     ; EPM7128SLC84-7  ;                 ;
; Top-level entity name                                                      ; relogio_digital ; relogio_digital ;
; Family name                                                                ; MAX7000S        ; Stratix II      ;
; Type of Retiming Performed During Resynthesis                              ; Full            ;                 ;
; Resynthesis Optimization Effort                                            ; Normal          ;                 ;
; Physical Synthesis Level for Resynthesis                                   ; Normal          ;                 ;
; Use Generated Physical Constraints File                                    ; On              ;                 ;
; Use smart compilation                                                      ; Off             ; Off             ;
; Enable parallel Assembler and TimeQuest Timing Analyzer during compilation ; On              ; On              ;
; Enable compact report table                                                ; Off             ; Off             ;
; Create Debugging Nodes for IP Cores                                        ; Off             ; Off             ;
; Preserve fewer node names                                                  ; On              ; On              ;
; Disable OpenCore Plus hardware evaluation                                  ; Off             ; Off             ;
; Verilog Version                                                            ; Verilog_2001    ; Verilog_2001    ;
; VHDL Version                                                               ; VHDL_1993       ; VHDL_1993       ;
; State Machine Processing                                                   ; Auto            ; Auto            ;
; Safe State Machine                                                         ; Off             ; Off             ;
; Extract Verilog State Machines                                             ; On              ; On              ;
; Extract VHDL State Machines                                                ; On              ; On              ;
; Ignore Verilog initial constructs                                          ; Off             ; Off             ;
; Iteration limit for constant Verilog loops                                 ; 5000            ; 5000            ;
; Iteration limit for non-constant Verilog loops                             ; 250             ; 250             ;
; Add Pass-Through Logic to Inferred RAMs                                    ; On              ; On              ;
; Parallel Synthesis                                                         ; On              ; On              ;
; NOT Gate Push-Back                                                         ; On              ; On              ;
; Power-Up Don't Care                                                        ; On              ; On              ;
; Remove Duplicate Registers                                                 ; On              ; On              ;
; Ignore CARRY Buffers                                                       ; Off             ; Off             ;
; Ignore CASCADE Buffers                                                     ; Off             ; Off             ;
; Ignore GLOBAL Buffers                                                      ; Off             ; Off             ;
; Ignore ROW GLOBAL Buffers                                                  ; Off             ; Off             ;
; Ignore LCELL Buffers                                                       ; Auto            ; Auto            ;
; Ignore SOFT Buffers                                                        ; Off             ; Off             ;
; Limit AHDL Integers to 32 Bits                                             ; Off             ; Off             ;
; Optimization Technique                                                     ; Speed           ; Speed           ;
; Allow XOR Gate Usage                                                       ; On              ; On              ;
; Auto Logic Cell Insertion                                                  ; On              ; On              ;
; Parallel Expander Chain Length                                             ; 4               ; 4               ;
; Auto Parallel Expanders                                                    ; On              ; On              ;
; Auto Open-Drain Pins                                                       ; On              ; On              ;
; Auto Resource Sharing                                                      ; Off             ; Off             ;
; Maximum Fan-in Per Macrocell                                               ; 100             ; 100             ;
; Use LogicLock Constraints during Resource Balancing                        ; On              ; On              ;
; Ignore translate_off and synthesis_off directives                          ; Off             ; Off             ;
; Show Parameter Settings Tables in Synthesis Report                         ; On              ; On              ;
; HDL message level                                                          ; Level2          ; Level2          ;
; Suppress Register Optimization Related Messages                            ; Off             ; Off             ;
; Number of Removed Registers Reported in Synthesis Report                   ; 5000            ; 5000            ;
; Number of Inverted Registers Reported in Synthesis Report                  ; 100             ; 100             ;
; Block Design Naming                                                        ; Auto            ; Auto            ;
; Synthesis Effort                                                           ; Auto            ; Auto            ;
; Shift Register Replacement - Allow Asynchronous Clear Signal               ; On              ; On              ;
; Analysis & Synthesis Message Level                                         ; Medium          ; Medium          ;
; Disable Register Merging Across Hierarchies                                ; Auto            ; Auto            ;
+----------------------------------------------------------------------------+-----------------+-----------------+


Parallel compilation was disabled, but you have multiple processors available. Enable parallel compilation to reduce compilation time.
+-------------------------------------+
; Parallel Compilation                ;
+----------------------------+--------+
; Processors                 ; Number ;
+----------------------------+--------+
; Number detected on machine ; 6      ;
; Maximum allowed            ; 1      ;
+----------------------------+--------+


+-------------------------------------------------------------------------------------------------------------------------------------------------+
; Analysis & Synthesis Source Files Read                                                                                                          ;
+----------------------------------+-----------------+-----------------------+--------------------------------------------------------------------+
; File Name with User-Entered Path ; Used in Netlist ; File Type             ; File Name with Absolute Path                                       ;
+----------------------------------+-----------------+-----------------------+--------------------------------------------------------------------+
; relogio_digital.vhd              ; yes             ; User VHDL File        ; D:/dev/uem/cd2/Relogio_Digital/relogio_digital/relogio_digital.vhd ;
; JK_FF.vhd                        ; yes             ; User VHDL File        ; D:/dev/uem/cd2/Relogio_Digital/relogio_digital/JK_FF.vhd           ;
; cont_mod6.vhd                    ; yes             ; User VHDL File        ; D:/dev/uem/cd2/Relogio_Digital/relogio_digital/cont_mod6.vhd       ;
; decodificador.vhd                ; yes             ; User VHDL File        ; D:/dev/uem/cd2/Relogio_Digital/relogio_digital/decodificador.vhd   ;
; cont_mod10.vhd                   ; yes             ; Auto-Found VHDL File  ; D:/dev/uem/cd2/Relogio_Digital/relogio_digital/cont_mod10.vhd      ;
+----------------------------------+-----------------+-----------------------+--------------------------------------------------------------------+


+---------------------------------------------------------------------+
; Analysis & Synthesis Resource Usage Summary                         ;
+----------------------+----------------------------------------------+
; Resource             ; Usage                                        ;
+----------------------+----------------------------------------------+
; Logic cells          ; 42                                           ;
; Total registers      ; 14                                           ;
; I/O pins             ; 30                                           ;
; Maximum fan-out node ; cont_mod10:contador_segundos0|JK_FF:FFS1|AUX ;
; Maximum fan-out      ; 14                                           ;
; Total fan-out        ; 228                                          ;
; Average fan-out      ; 3.17                                         ;
+----------------------+----------------------------------------------+


+-----------------------------------------------------------------------------------------------------------------------------------+
; Analysis & Synthesis Resource Utilization by Entity                                                                               ;
+------------------------------------+------------+------+-----------------------------------------------------------+--------------+
; Compilation Hierarchy Node         ; Macrocells ; Pins ; Full Hierarchy Name                                       ; Library Name ;
+------------------------------------+------------+------+-----------------------------------------------------------+--------------+
; |relogio_digital                   ; 42         ; 30   ; |relogio_digital                                          ; work         ;
;    |cont_mod10:contador_minutos0|  ; 4          ; 0    ; |relogio_digital|cont_mod10:contador_minutos0             ; work         ;
;       |JK_FF:FFS0|                 ; 1          ; 0    ; |relogio_digital|cont_mod10:contador_minutos0|JK_FF:FFS0  ; work         ;
;       |JK_FF:FFS1|                 ; 1          ; 0    ; |relogio_digital|cont_mod10:contador_minutos0|JK_FF:FFS1  ; work         ;
;       |JK_FF:FFS2|                 ; 1          ; 0    ; |relogio_digital|cont_mod10:contador_minutos0|JK_FF:FFS2  ; work         ;
;       |JK_FF:FFS3|                 ; 1          ; 0    ; |relogio_digital|cont_mod10:contador_minutos0|JK_FF:FFS3  ; work         ;
;    |cont_mod10:contador_segundos0| ; 4          ; 0    ; |relogio_digital|cont_mod10:contador_segundos0            ; work         ;
;       |JK_FF:FFS0|                 ; 1          ; 0    ; |relogio_digital|cont_mod10:contador_segundos0|JK_FF:FFS0 ; work         ;
;       |JK_FF:FFS1|                 ; 1          ; 0    ; |relogio_digital|cont_mod10:contador_segundos0|JK_FF:FFS1 ; work         ;
;       |JK_FF:FFS2|                 ; 1          ; 0    ; |relogio_digital|cont_mod10:contador_segundos0|JK_FF:FFS2 ; work         ;
;       |JK_FF:FFS3|                 ; 1          ; 0    ; |relogio_digital|cont_mod10:contador_segundos0|JK_FF:FFS3 ; work         ;
;    |cont_mod6:contador_minutos1|   ; 3          ; 0    ; |relogio_digital|cont_mod6:contador_minutos1              ; work         ;
;       |JK_FF:FFM0|                 ; 1          ; 0    ; |relogio_digital|cont_mod6:contador_minutos1|JK_FF:FFM0   ; work         ;
;       |JK_FF:FFM1|                 ; 1          ; 0    ; |relogio_digital|cont_mod6:contador_minutos1|JK_FF:FFM1   ; work         ;
;       |JK_FF:FFM2|                 ; 1          ; 0    ; |relogio_digital|cont_mod6:contador_minutos1|JK_FF:FFM2   ; work         ;
;    |cont_mod6:contador_segundos1|  ; 3          ; 0    ; |relogio_digital|cont_mod6:contador_segundos1             ; work         ;
;       |JK_FF:FFM0|                 ; 1          ; 0    ; |relogio_digital|cont_mod6:contador_segundos1|JK_FF:FFM0  ; work         ;
;       |JK_FF:FFM1|                 ; 1          ; 0    ; |relogio_digital|cont_mod6:contador_segundos1|JK_FF:FFM1  ; work         ;
;       |JK_FF:FFM2|                 ; 1          ; 0    ; |relogio_digital|cont_mod6:contador_segundos1|JK_FF:FFM2  ; work         ;
;    |decodificador:decodificadorm0| ; 7          ; 0    ; |relogio_digital|decodificador:decodificadorm0            ; work         ;
;    |decodificador:decodificadorm1| ; 7          ; 0    ; |relogio_digital|decodificador:decodificadorm1            ; work         ;
;    |decodificador:decodificadors0| ; 7          ; 0    ; |relogio_digital|decodificador:decodificadors0            ; work         ;
;    |decodificador:decodificadors1| ; 7          ; 0    ; |relogio_digital|decodificador:decodificadors1            ; work         ;
+------------------------------------+------------+------+-----------------------------------------------------------+--------------+


+----------------------------------------------------------------------------------------------------------------+
; Port Connectivity Checks: "cont_mod6:contador_segundos1|JK_FF:FFM0"                                            ;
+------+--------+----------+-------------------------------------------------------------------------------------+
; Port ; Type   ; Severity ; Details                                                                             ;
+------+--------+----------+-------------------------------------------------------------------------------------+
; k    ; Input  ; Info     ; Stuck at VCC                                                                        ;
; qb   ; Output ; Info     ; Connected to dangling logic. Logic that only feeds a dangling port will be removed. ;
+------+--------+----------+-------------------------------------------------------------------------------------+


+----------------------------------------------------------------------------------------------------------------+
; Port Connectivity Checks: "cont_mod10:contador_segundos0|JK_FF:FFS0"                                           ;
+------+--------+----------+-------------------------------------------------------------------------------------+
; Port ; Type   ; Severity ; Details                                                                             ;
+------+--------+----------+-------------------------------------------------------------------------------------+
; k    ; Input  ; Info     ; Stuck at VCC                                                                        ;
; qb   ; Output ; Info     ; Connected to dangling logic. Logic that only feeds a dangling port will be removed. ;
+------+--------+----------+-------------------------------------------------------------------------------------+


+-------------------------------+
; Analysis & Synthesis Messages ;
+-------------------------------+
Info: *******************************************************************
Info: Running Quartus II Analysis & Synthesis
    Info: Version 9.1 Build 350 03/24/2010 Service Pack 2 SJ Web Edition
    Info: Processing started: Sat Nov 12 14:40:37 2022
Info: Command: quartus_map --read_settings_files=on --write_settings_files=off relogio_digital -c relogio_digital
Info: Found 2 design units, including 1 entities, in source file relogio_digital.vhd
    Info: Found design unit 1: relogio_digital-arch
    Info: Found entity 1: relogio_digital
Info: Found 2 design units, including 1 entities, in source file jk_ff.vhd
    Info: Found design unit 1: JK_FF-arch
    Info: Found entity 1: JK_FF
Warning: Can't analyze file -- file decodificador_bcd.vhd is missing
Warning: Can't analyze file -- file cont_segundos.vhd is missing
Info: Found 2 design units, including 1 entities, in source file cont_mod6.vhd
    Info: Found design unit 1: cont_mod6-arch
    Info: Found entity 1: cont_mod6
Info: Found 2 design units, including 1 entities, in source file decodificador.vhd
    Info: Found design unit 1: decodificador-arch
    Info: Found entity 1: decodificador
Info: Elaborating entity "relogio_digital" for the top level hierarchy
Warning: Using design file cont_mod10.vhd, which is not specified as a design file for the current project, but contains definitions for 2 design units and 1 entities in project
    Info: Found design unit 1: cont_mod10-arch
    Info: Found entity 1: cont_mod10
Info: Elaborating entity "cont_mod10" for hierarchy "cont_mod10:contador_segundos0"
Info: Elaborating entity "JK_FF" for hierarchy "cont_mod10:contador_segundos0|JK_FF:FFS0"
Warning (10492): VHDL Process Statement warning at JK_FF.vhd(15): signal "CLEAR" is read inside the Process Statement but isn't in the Process Statement's sensitivity list
Info: Elaborating entity "cont_mod6" for hierarchy "cont_mod6:contador_segundos1"
Info: Elaborating entity "decodificador" for hierarchy "decodificador:decodificadors0"
Info: Promoted pin-driven signal(s) to global signal
    Info: Promoted clock signal driven by pin "CLOCK" to global clock signal
    Info: Promoted clear signal driven by pin "CLEAR" to global clear signal
Info: Implemented 72 device resources after synthesis - the final resource count might be different
    Info: Implemented 2 input pins
    Info: Implemented 28 output pins
    Info: Implemented 42 macrocells
Info: Quartus II Analysis & Synthesis was successful. 0 errors, 4 warnings
    Info: Peak virtual memory: 244 megabytes
    Info: Processing ended: Sat Nov 12 14:40:38 2022
    Info: Elapsed time: 00:00:01
    Info: Total CPU time (on all processors): 00:00:01


